<?xml version="1.0" encoding="UTF-8"?>
<!-- Generated by org.testng.reporters.JUnitReportReporter -->
<testsuite skipped="0" hostname="DESKTOP-EGIP36D" name="tests.RegisterTest" tests="2" failures="0" timestamp="2020-10-15T16:27:31 EET" time="16.750" errors="0">
  <testcase name="EnterMailToRegistration" time="7.093" classname="tests.RegisterTest"/>
  <system-out/>
  <testcase name="UserRegistrationTest" time="9.657" classname="tests.RegisterTest"/>
  <system-out/>
</testsuite> <!-- tests.RegisterTest -->
